[0.022s] Invoking command in '/home/ubuntu/telenex_ws/build/amr_100_firmware': CMAKE_PREFIX_PATH=${CMAKE_PREFIX_PATH}:/opt/ros/humble /usr/bin/cmake --build /home/ubuntu/telenex_ws/build/amr_100_firmware -- -j12 -l12
[0.097s] -- Found ament_cmake: 1.3.11 (/opt/ros/humble/share/ament_cmake/cmake)
[0.237s] -- Found rclpy: 3.3.15 (/opt/ros/humble/share/rclpy/cmake)
[0.326s] -- Found ament_lint_auto: 0.12.11 (/opt/ros/humble/share/ament_lint_auto/cmake)
[0.382s] -- Added test 'flake8' to check Python code syntax and style conventions
[0.382s] -- Added test 'lint_cmake' to check CMake code style
[0.383s] -- Added test 'pep257' to check Python code against some of the docstring style conventions in PEP 257
[0.384s] -- Added test 'xmllint' to check XML markup files
[0.384s] -- Configuring done
[0.423s] -- Generating done
[0.435s] -- Build files have been written to: /home/ubuntu/telenex_ws/build/amr_100_firmware
[0.499s] Built target ament_cmake_python_copy_amr_100_firmware
[0.745s] running egg_info
[0.746s] writing amr_100_firmware.egg-info/PKG-INFO
[0.746s] writing dependency_links to amr_100_firmware.egg-info/dependency_links.txt
[0.746s] writing top-level names to amr_100_firmware.egg-info/top_level.txt
[0.748s] reading manifest file 'amr_100_firmware.egg-info/SOURCES.txt'
[0.748s] writing manifest file 'amr_100_firmware.egg-info/SOURCES.txt'
[0.769s] Built target ament_cmake_python_build_amr_100_firmware_egg
[0.778s] Invoked command in '/home/ubuntu/telenex_ws/build/amr_100_firmware' returned '0': CMAKE_PREFIX_PATH=${CMAKE_PREFIX_PATH}:/opt/ros/humble /usr/bin/cmake --build /home/ubuntu/telenex_ws/build/amr_100_firmware -- -j12 -l12
[0.787s] Invoking command in '/home/ubuntu/telenex_ws/build/amr_100_firmware': CMAKE_PREFIX_PATH=${CMAKE_PREFIX_PATH}:/opt/ros/humble /usr/bin/cmake --install /home/ubuntu/telenex_ws/build/amr_100_firmware
[0.793s] -- Install configuration: ""
[0.793s] -- Up-to-date: /home/ubuntu/telenex_ws/install/amr_100_firmware/share/amr_100_firmware/environment/pythonpath.sh
[0.793s] -- Installing: /home/ubuntu/telenex_ws/install/amr_100_firmware/share/amr_100_firmware/environment/pythonpath.dsv
[0.793s] -- Up-to-date: /home/ubuntu/telenex_ws/install/amr_100_firmware/local/lib/python3.10/dist-packages/amr_100_firmware-0.0.0-py3.10.egg-info
[0.793s] -- Installing: /home/ubuntu/telenex_ws/install/amr_100_firmware/local/lib/python3.10/dist-packages/amr_100_firmware-0.0.0-py3.10.egg-info/dependency_links.txt
[0.793s] -- Installing: /home/ubuntu/telenex_ws/install/amr_100_firmware/local/lib/python3.10/dist-packages/amr_100_firmware-0.0.0-py3.10.egg-info/PKG-INFO
[0.793s] -- Installing: /home/ubuntu/telenex_ws/install/amr_100_firmware/local/lib/python3.10/dist-packages/amr_100_firmware-0.0.0-py3.10.egg-info/SOURCES.txt
[0.794s] -- Installing: /home/ubuntu/telenex_ws/install/amr_100_firmware/local/lib/python3.10/dist-packages/amr_100_firmware-0.0.0-py3.10.egg-info/top_level.txt
[0.794s] -- Up-to-date: /home/ubuntu/telenex_ws/install/amr_100_firmware/local/lib/python3.10/dist-packages/amr_100_firmware
[0.794s] -- Installing: /home/ubuntu/telenex_ws/install/amr_100_firmware/local/lib/python3.10/dist-packages/amr_100_firmware/serial_receiver.py
[0.794s] -- Up-to-date: /home/ubuntu/telenex_ws/install/amr_100_firmware/local/lib/python3.10/dist-packages/amr_100_firmware/serial_transmitter.py
[0.794s] -- Up-to-date: /home/ubuntu/telenex_ws/install/amr_100_firmware/local/lib/python3.10/dist-packages/amr_100_firmware/__init__.py
[0.830s] Listing '/home/ubuntu/telenex_ws/install/amr_100_firmware/local/lib/python3.10/dist-packages/amr_100_firmware'...
[0.830s] Compiling '/home/ubuntu/telenex_ws/install/amr_100_firmware/local/lib/python3.10/dist-packages/amr_100_firmware/serial_receiver.py'...
[0.833s] -- Up-to-date: /home/ubuntu/telenex_ws/install/amr_100_firmware/lib/amr_100_firmware/serial_transmitter.py
[0.833s] -- Installing: /home/ubuntu/telenex_ws/install/amr_100_firmware/lib/amr_100_firmware/serial_receiver.py
[0.833s] -- Up-to-date: /home/ubuntu/telenex_ws/install/amr_100_firmware/share/ament_index/resource_index/package_run_dependencies/amr_100_firmware
[0.834s] -- Up-to-date: /home/ubuntu/telenex_ws/install/amr_100_firmware/share/ament_index/resource_index/parent_prefix_path/amr_100_firmware
[0.834s] -- Up-to-date: /home/ubuntu/telenex_ws/install/amr_100_firmware/share/amr_100_firmware/environment/ament_prefix_path.sh
[0.834s] -- Installing: /home/ubuntu/telenex_ws/install/amr_100_firmware/share/amr_100_firmware/environment/ament_prefix_path.dsv
[0.834s] -- Up-to-date: /home/ubuntu/telenex_ws/install/amr_100_firmware/share/amr_100_firmware/environment/path.sh
[0.834s] -- Installing: /home/ubuntu/telenex_ws/install/amr_100_firmware/share/amr_100_firmware/environment/path.dsv
[0.834s] -- Up-to-date: /home/ubuntu/telenex_ws/install/amr_100_firmware/share/amr_100_firmware/local_setup.bash
[0.834s] -- Up-to-date: /home/ubuntu/telenex_ws/install/amr_100_firmware/share/amr_100_firmware/local_setup.sh
[0.834s] -- Up-to-date: /home/ubuntu/telenex_ws/install/amr_100_firmware/share/amr_100_firmware/local_setup.zsh
[0.834s] -- Installing: /home/ubuntu/telenex_ws/install/amr_100_firmware/share/amr_100_firmware/local_setup.dsv
[0.834s] -- Installing: /home/ubuntu/telenex_ws/install/amr_100_firmware/share/amr_100_firmware/package.dsv
[0.834s] -- Up-to-date: /home/ubuntu/telenex_ws/install/amr_100_firmware/share/ament_index/resource_index/packages/amr_100_firmware
[0.834s] -- Up-to-date: /home/ubuntu/telenex_ws/install/amr_100_firmware/share/amr_100_firmware/cmake/amr_100_firmwareConfig.cmake
[0.834s] -- Up-to-date: /home/ubuntu/telenex_ws/install/amr_100_firmware/share/amr_100_firmware/cmake/amr_100_firmwareConfig-version.cmake
[0.835s] -- Up-to-date: /home/ubuntu/telenex_ws/install/amr_100_firmware/share/amr_100_firmware/package.xml
[0.837s] Invoked command in '/home/ubuntu/telenex_ws/build/amr_100_firmware' returned '0': CMAKE_PREFIX_PATH=${CMAKE_PREFIX_PATH}:/opt/ros/humble /usr/bin/cmake --install /home/ubuntu/telenex_ws/build/amr_100_firmware
