[0.599s] DEBUG:colcon:Command line arguments: ['/usr/bin/colcon', 'build']
[0.599s] DEBUG:colcon:Parsed command line arguments: Namespace(log_base=None, log_level=None, verb_name='build', build_base='build', install_base='install', merge_install=False, symlink_install=False, test_result_base=None, continue_on_error=False, executor='parallel', parallel_workers=12, event_handlers=None, ignore_user_meta=False, metas=['./colcon.meta'], base_paths=['.'], packages_ignore=None, packages_ignore_regex=None, paths=None, packages_up_to=None, packages_up_to_regex=None, packages_above=None, packages_above_and_dependencies=None, packages_above_depth=None, packages_select_by_dep=None, packages_skip_by_dep=None, packages_skip_up_to=None, packages_select_build_failed=False, packages_skip_build_finished=False, packages_select_test_failures=False, packages_skip_test_passed=False, packages_select=None, packages_skip=None, packages_select_regex=None, packages_skip_regex=None, packages_start=None, packages_end=None, allow_overriding=[], cmake_args=None, cmake_target=None, cmake_target_skip_unavailable=False, cmake_clean_cache=False, cmake_clean_first=False, cmake_force_configure=False, ament_cmake_args=None, catkin_cmake_args=None, catkin_skip_building_tests=False, mixin_files=None, mixin=None, verb_parser=<colcon_mixin.mixin.mixin_argument.MixinArgumentDecorator object at 0x71ee3ba2ab30>, verb_extension=<colcon_core.verb.build.BuildVerb object at 0x71ee3bbe85e0>, main=<bound method BuildVerb.main of <colcon_core.verb.build.BuildVerb object at 0x71ee3bbe85e0>>, mixin_verb=('build',))
[3.477s] Level 1:colcon.colcon_core.package_discovery:discover_packages(colcon_meta) check parameters
[3.478s] Level 1:colcon.colcon_core.package_discovery:discover_packages(recursive) check parameters
[3.478s] Level 1:colcon.colcon_core.package_discovery:discover_packages(ignore) check parameters
[3.478s] Level 1:colcon.colcon_core.package_discovery:discover_packages(path) check parameters
[3.478s] Level 1:colcon.colcon_core.package_discovery:discover_packages(colcon_meta) discover
[3.478s] Level 1:colcon.colcon_core.package_discovery:discover_packages(recursive) discover
[3.478s] INFO:colcon.colcon_core.package_discovery:Crawling recursively for packages in '/home/ubuntu/telenex_ws'
[3.478s] Level 1:colcon.colcon_core.package_identification:_identify(.) by extensions ['ignore', 'ignore_ament_install']
[3.478s] Level 1:colcon.colcon_core.package_identification:_identify(.) by extension 'ignore'
[3.479s] Level 1:colcon.colcon_core.package_identification:_identify(.) by extension 'ignore_ament_install'
[3.479s] Level 1:colcon.colcon_core.package_identification:_identify(.) by extensions ['colcon_pkg']
[3.479s] Level 1:colcon.colcon_core.package_identification:_identify(.) by extension 'colcon_pkg'
[3.479s] Level 1:colcon.colcon_core.package_identification:_identify(.) by extensions ['colcon_meta']
[3.479s] Level 1:colcon.colcon_core.package_identification:_identify(.) by extension 'colcon_meta'
[3.479s] Level 1:colcon.colcon_core.package_identification:_identify(.) by extensions ['ros']
[3.479s] Level 1:colcon.colcon_core.package_identification:_identify(.) by extension 'ros'
[3.500s] Level 1:colcon.colcon_core.package_identification:_identify(.) by extensions ['cmake', 'python']
[3.500s] Level 1:colcon.colcon_core.package_identification:_identify(.) by extension 'cmake'
[3.500s] Level 1:colcon.colcon_core.package_identification:_identify(.) by extension 'python'
[3.500s] Level 1:colcon.colcon_core.package_identification:_identify(.) by extensions ['python_setup_py']
[3.501s] Level 1:colcon.colcon_core.package_identification:_identify(.) by extension 'python_setup_py'
[3.501s] Level 1:colcon.colcon_core.package_identification:_identify(build) by extensions ['ignore', 'ignore_ament_install']
[3.501s] Level 1:colcon.colcon_core.package_identification:_identify(build) by extension 'ignore'
[3.501s] Level 1:colcon.colcon_core.package_identification:_identify(build) ignored
[3.501s] Level 1:colcon.colcon_core.package_identification:_identify(install) by extensions ['ignore', 'ignore_ament_install']
[3.501s] Level 1:colcon.colcon_core.package_identification:_identify(install) by extension 'ignore'
[3.501s] Level 1:colcon.colcon_core.package_identification:_identify(install) ignored
[3.501s] Level 1:colcon.colcon_core.package_identification:_identify(log) by extensions ['ignore', 'ignore_ament_install']
[3.501s] Level 1:colcon.colcon_core.package_identification:_identify(log) by extension 'ignore'
[3.502s] Level 1:colcon.colcon_core.package_identification:_identify(log) ignored
[3.502s] Level 1:colcon.colcon_core.package_identification:_identify(src) by extensions ['ignore', 'ignore_ament_install']
[3.502s] Level 1:colcon.colcon_core.package_identification:_identify(src) by extension 'ignore'
[3.502s] Level 1:colcon.colcon_core.package_identification:_identify(src) by extension 'ignore_ament_install'
[3.502s] Level 1:colcon.colcon_core.package_identification:_identify(src) by extensions ['colcon_pkg']
[3.502s] Level 1:colcon.colcon_core.package_identification:_identify(src) by extension 'colcon_pkg'
[3.502s] Level 1:colcon.colcon_core.package_identification:_identify(src) by extensions ['colcon_meta']
[3.502s] Level 1:colcon.colcon_core.package_identification:_identify(src) by extension 'colcon_meta'
[3.502s] Level 1:colcon.colcon_core.package_identification:_identify(src) by extensions ['ros']
[3.502s] Level 1:colcon.colcon_core.package_identification:_identify(src) by extension 'ros'
[3.502s] Level 1:colcon.colcon_core.package_identification:_identify(src) by extensions ['cmake', 'python']
[3.502s] Level 1:colcon.colcon_core.package_identification:_identify(src) by extension 'cmake'
[3.502s] Level 1:colcon.colcon_core.package_identification:_identify(src) by extension 'python'
[3.502s] Level 1:colcon.colcon_core.package_identification:_identify(src) by extensions ['python_setup_py']
[3.503s] Level 1:colcon.colcon_core.package_identification:_identify(src) by extension 'python_setup_py'
[3.503s] Level 1:colcon.colcon_core.package_identification:_identify(src/amr_100_firmware) by extensions ['ignore', 'ignore_ament_install']
[3.503s] Level 1:colcon.colcon_core.package_identification:_identify(src/amr_100_firmware) by extension 'ignore'
[3.503s] Level 1:colcon.colcon_core.package_identification:_identify(src/amr_100_firmware) by extension 'ignore_ament_install'
[3.503s] Level 1:colcon.colcon_core.package_identification:_identify(src/amr_100_firmware) by extensions ['colcon_pkg']
[3.503s] Level 1:colcon.colcon_core.package_identification:_identify(src/amr_100_firmware) by extension 'colcon_pkg'
[3.503s] Level 1:colcon.colcon_core.package_identification:_identify(src/amr_100_firmware) by extensions ['colcon_meta']
[3.503s] Level 1:colcon.colcon_core.package_identification:_identify(src/amr_100_firmware) by extension 'colcon_meta'
[3.503s] Level 1:colcon.colcon_core.package_identification:_identify(src/amr_100_firmware) by extensions ['ros']
[3.503s] Level 1:colcon.colcon_core.package_identification:_identify(src/amr_100_firmware) by extension 'ros'
[3.521s] DEBUG:colcon.colcon_core.package_identification:Package 'src/amr_100_firmware' with type 'ros.ament_cmake' and name 'amr_100_firmware'
[3.521s] Level 1:colcon.colcon_core.package_discovery:discover_packages(recursive) using defaults
[3.521s] Level 1:colcon.colcon_core.package_discovery:discover_packages(ignore) discover
[3.521s] Level 1:colcon.colcon_core.package_discovery:discover_packages(ignore) using defaults
[3.522s] Level 1:colcon.colcon_core.package_discovery:discover_packages(path) discover
[3.522s] Level 1:colcon.colcon_core.package_discovery:discover_packages(path) using defaults
[3.733s] Level 1:colcon.colcon_core.package_discovery:discover_packages(prefix_path) check parameters
[3.733s] Level 1:colcon.colcon_core.package_discovery:discover_packages(prefix_path) discover
[3.748s] DEBUG:colcon.colcon_installed_package_information.package_discovery:Found 0 installed packages in /home/ubuntu/telenex_ws/install
[3.750s] DEBUG:colcon.colcon_installed_package_information.package_discovery:Found 270 installed packages in /opt/ros/humble
[3.751s] Level 1:colcon.colcon_core.package_discovery:discover_packages(prefix_path) using defaults
[3.794s] Level 5:colcon.colcon_core.verb:set package 'amr_100_firmware' build argument 'cmake_args' from command line to 'None'
[3.794s] Level 5:colcon.colcon_core.verb:set package 'amr_100_firmware' build argument 'cmake_target' from command line to 'None'
[3.794s] Level 5:colcon.colcon_core.verb:set package 'amr_100_firmware' build argument 'cmake_target_skip_unavailable' from command line to 'False'
[3.794s] Level 5:colcon.colcon_core.verb:set package 'amr_100_firmware' build argument 'cmake_clean_cache' from command line to 'False'
[3.794s] Level 5:colcon.colcon_core.verb:set package 'amr_100_firmware' build argument 'cmake_clean_first' from command line to 'False'
[3.794s] Level 5:colcon.colcon_core.verb:set package 'amr_100_firmware' build argument 'cmake_force_configure' from command line to 'False'
[3.794s] Level 5:colcon.colcon_core.verb:set package 'amr_100_firmware' build argument 'ament_cmake_args' from command line to 'None'
[3.794s] Level 5:colcon.colcon_core.verb:set package 'amr_100_firmware' build argument 'catkin_cmake_args' from command line to 'None'
[3.794s] Level 5:colcon.colcon_core.verb:set package 'amr_100_firmware' build argument 'catkin_skip_building_tests' from command line to 'False'
[3.794s] DEBUG:colcon.colcon_core.verb:Building package 'amr_100_firmware' with the following arguments: {'ament_cmake_args': None, 'build_base': '/home/ubuntu/telenex_ws/build/amr_100_firmware', 'catkin_cmake_args': None, 'catkin_skip_building_tests': False, 'cmake_args': None, 'cmake_clean_cache': False, 'cmake_clean_first': False, 'cmake_force_configure': False, 'cmake_target': None, 'cmake_target_skip_unavailable': False, 'install_base': '/home/ubuntu/telenex_ws/install/amr_100_firmware', 'merge_install': False, 'path': '/home/ubuntu/telenex_ws/src/amr_100_firmware', 'symlink_install': False, 'test_result_base': None}
[3.794s] INFO:colcon.colcon_core.executor:Executing jobs using 'parallel' executor
[3.795s] DEBUG:colcon.colcon_parallel_executor.executor.parallel:run_until_complete
[3.795s] INFO:colcon.colcon_ros.task.ament_cmake.build:Building ROS package in '/home/ubuntu/telenex_ws/src/amr_100_firmware' with build type 'ament_cmake'
[3.795s] INFO:colcon.colcon_cmake.task.cmake.build:Building CMake package in '/home/ubuntu/telenex_ws/src/amr_100_firmware'
[3.840s] INFO:colcon.colcon_core.plugin_system:Skipping extension 'colcon_core.shell.bat': Not used on non-Windows systems
[3.841s] INFO:colcon.colcon_core.shell:Skip shell extension 'powershell' for command environment: Not usable outside of PowerShell
[3.841s] DEBUG:colcon.colcon_core.shell:Skip shell extension 'dsv' for command environment
[3.883s] DEBUG:colcon.colcon_core.event_handler.log_command:Invoking command in '/home/ubuntu/telenex_ws/build/amr_100_firmware': CMAKE_PREFIX_PATH=/opt/ros/humble /usr/bin/cmake /home/ubuntu/telenex_ws/src/amr_100_firmware -DCMAKE_INSTALL_PREFIX=/home/ubuntu/telenex_ws/install/amr_100_firmware
[6.868s] DEBUG:colcon.colcon_core.event_handler.log_command:Invoked command in '/home/ubuntu/telenex_ws/build/amr_100_firmware' returned '0': CMAKE_PREFIX_PATH=/opt/ros/humble /usr/bin/cmake /home/ubuntu/telenex_ws/src/amr_100_firmware -DCMAKE_INSTALL_PREFIX=/home/ubuntu/telenex_ws/install/amr_100_firmware
[6.871s] DEBUG:colcon.colcon_core.event_handler.log_command:Invoking command in '/home/ubuntu/telenex_ws/build/amr_100_firmware': CMAKE_PREFIX_PATH=/opt/ros/humble /usr/bin/cmake --build /home/ubuntu/telenex_ws/build/amr_100_firmware -- -j12 -l12
[6.901s] DEBUG:colcon.colcon_core.event_handler.log_command:Invoked command in '/home/ubuntu/telenex_ws/build/amr_100_firmware' returned '0': CMAKE_PREFIX_PATH=/opt/ros/humble /usr/bin/cmake --build /home/ubuntu/telenex_ws/build/amr_100_firmware -- -j12 -l12
[6.908s] DEBUG:colcon.colcon_core.event_handler.log_command:Invoking command in '/home/ubuntu/telenex_ws/build/amr_100_firmware': CMAKE_PREFIX_PATH=/opt/ros/humble /usr/bin/cmake --install /home/ubuntu/telenex_ws/build/amr_100_firmware
[6.916s] Level 1:colcon.colcon_core.environment:create_environment_scripts_only(amr_100_firmware)
[6.916s] DEBUG:colcon.colcon_core.event_handler.log_command:Invoked command in '/home/ubuntu/telenex_ws/build/amr_100_firmware' returned '0': CMAKE_PREFIX_PATH=/opt/ros/humble /usr/bin/cmake --install /home/ubuntu/telenex_ws/build/amr_100_firmware
[7.002s] Level 1:colcon.colcon_core.environment:checking '/home/ubuntu/telenex_ws/install/amr_100_firmware' for CMake module files
[7.003s] Level 1:colcon.colcon_core.environment:checking '/home/ubuntu/telenex_ws/install/amr_100_firmware' for CMake config files
[7.004s] Level 1:colcon.colcon_core.shell:create_environment_hook('amr_100_firmware', 'cmake_prefix_path')
[7.005s] INFO:colcon.colcon_core.shell:Creating environment hook '/home/ubuntu/telenex_ws/install/amr_100_firmware/share/amr_100_firmware/hook/cmake_prefix_path.ps1'
[7.029s] INFO:colcon.colcon_core.shell:Creating environment descriptor '/home/ubuntu/telenex_ws/install/amr_100_firmware/share/amr_100_firmware/hook/cmake_prefix_path.dsv'
[7.036s] INFO:colcon.colcon_core.shell:Creating environment hook '/home/ubuntu/telenex_ws/install/amr_100_firmware/share/amr_100_firmware/hook/cmake_prefix_path.sh'
[7.038s] Level 1:colcon.colcon_core.environment:checking '/home/ubuntu/telenex_ws/install/amr_100_firmware/bin'
[7.038s] Level 1:colcon.colcon_core.environment:checking '/home/ubuntu/telenex_ws/install/amr_100_firmware/lib/pkgconfig/amr_100_firmware.pc'
[7.038s] Level 1:colcon.colcon_core.environment:checking '/home/ubuntu/telenex_ws/install/amr_100_firmware/lib/python3.10/site-packages'
[7.039s] Level 1:colcon.colcon_core.environment:checking '/home/ubuntu/telenex_ws/install/amr_100_firmware/bin'
[7.039s] INFO:colcon.colcon_core.shell:Creating package script '/home/ubuntu/telenex_ws/install/amr_100_firmware/share/amr_100_firmware/package.ps1'
[7.040s] INFO:colcon.colcon_core.shell:Creating package descriptor '/home/ubuntu/telenex_ws/install/amr_100_firmware/share/amr_100_firmware/package.dsv'
[7.041s] INFO:colcon.colcon_core.shell:Creating package script '/home/ubuntu/telenex_ws/install/amr_100_firmware/share/amr_100_firmware/package.sh'
[7.043s] INFO:colcon.colcon_core.shell:Creating package script '/home/ubuntu/telenex_ws/install/amr_100_firmware/share/amr_100_firmware/package.bash'
[7.051s] INFO:colcon.colcon_core.shell:Creating package script '/home/ubuntu/telenex_ws/install/amr_100_firmware/share/amr_100_firmware/package.zsh'
[7.058s] Level 1:colcon.colcon_core.environment:create_file_with_runtime_dependencies(/home/ubuntu/telenex_ws/install/amr_100_firmware/share/colcon-core/packages/amr_100_firmware)
[7.059s] Level 1:colcon.colcon_core.environment:create_environment_scripts_only(amr_100_firmware)
[7.060s] Level 1:colcon.colcon_core.environment:checking '/home/ubuntu/telenex_ws/install/amr_100_firmware' for CMake module files
[7.061s] Level 1:colcon.colcon_core.environment:checking '/home/ubuntu/telenex_ws/install/amr_100_firmware' for CMake config files
[7.062s] Level 1:colcon.colcon_core.shell:create_environment_hook('amr_100_firmware', 'cmake_prefix_path')
[7.062s] INFO:colcon.colcon_core.shell:Creating environment hook '/home/ubuntu/telenex_ws/install/amr_100_firmware/share/amr_100_firmware/hook/cmake_prefix_path.ps1'
[7.063s] INFO:colcon.colcon_core.shell:Creating environment descriptor '/home/ubuntu/telenex_ws/install/amr_100_firmware/share/amr_100_firmware/hook/cmake_prefix_path.dsv'
[7.064s] INFO:colcon.colcon_core.shell:Creating environment hook '/home/ubuntu/telenex_ws/install/amr_100_firmware/share/amr_100_firmware/hook/cmake_prefix_path.sh'
[7.066s] Level 1:colcon.colcon_core.environment:checking '/home/ubuntu/telenex_ws/install/amr_100_firmware/bin'
[7.066s] Level 1:colcon.colcon_core.environment:checking '/home/ubuntu/telenex_ws/install/amr_100_firmware/lib/pkgconfig/amr_100_firmware.pc'
[7.067s] Level 1:colcon.colcon_core.environment:checking '/home/ubuntu/telenex_ws/install/amr_100_firmware/lib/python3.10/site-packages'
[7.067s] Level 1:colcon.colcon_core.environment:checking '/home/ubuntu/telenex_ws/install/amr_100_firmware/bin'
[7.068s] INFO:colcon.colcon_core.shell:Creating package script '/home/ubuntu/telenex_ws/install/amr_100_firmware/share/amr_100_firmware/package.ps1'
[7.069s] INFO:colcon.colcon_core.shell:Creating package descriptor '/home/ubuntu/telenex_ws/install/amr_100_firmware/share/amr_100_firmware/package.dsv'
[7.071s] INFO:colcon.colcon_core.shell:Creating package script '/home/ubuntu/telenex_ws/install/amr_100_firmware/share/amr_100_firmware/package.sh'
[7.072s] INFO:colcon.colcon_core.shell:Creating package script '/home/ubuntu/telenex_ws/install/amr_100_firmware/share/amr_100_firmware/package.bash'
[7.073s] INFO:colcon.colcon_core.shell:Creating package script '/home/ubuntu/telenex_ws/install/amr_100_firmware/share/amr_100_firmware/package.zsh'
[7.074s] Level 1:colcon.colcon_core.environment:create_file_with_runtime_dependencies(/home/ubuntu/telenex_ws/install/amr_100_firmware/share/colcon-core/packages/amr_100_firmware)
[7.075s] DEBUG:colcon.colcon_parallel_executor.executor.parallel:closing loop
[7.076s] DEBUG:colcon.colcon_parallel_executor.executor.parallel:loop closed
[7.076s] DEBUG:colcon.colcon_parallel_executor.executor.parallel:run_until_complete finished with '0'
[7.076s] DEBUG:colcon.colcon_core.event_reactor:joining thread
[7.105s] INFO:colcon.colcon_core.plugin_system:Skipping extension 'colcon_notification.desktop_notification.terminal_notifier': Not used on non-Darwin systems
[7.105s] INFO:colcon.colcon_core.plugin_system:Skipping extension 'colcon_notification.desktop_notification.win32': Not used on non-Windows systems
[7.105s] INFO:colcon.colcon_notification.desktop_notification:Sending desktop notification using 'notify2'
[7.116s] DEBUG:colcon.colcon_core.event_reactor:joined thread
[7.117s] INFO:colcon.colcon_core.shell:Creating prefix script '/home/ubuntu/telenex_ws/install/local_setup.ps1'
[7.118s] INFO:colcon.colcon_core.shell:Creating prefix util module '/home/ubuntu/telenex_ws/install/_local_setup_util_ps1.py'
[7.119s] INFO:colcon.colcon_core.shell:Creating prefix chain script '/home/ubuntu/telenex_ws/install/setup.ps1'
[7.120s] INFO:colcon.colcon_core.shell:Creating prefix script '/home/ubuntu/telenex_ws/install/local_setup.sh'
[7.121s] INFO:colcon.colcon_core.shell:Creating prefix util module '/home/ubuntu/telenex_ws/install/_local_setup_util_sh.py'
[7.122s] INFO:colcon.colcon_core.shell:Creating prefix chain script '/home/ubuntu/telenex_ws/install/setup.sh'
[7.123s] INFO:colcon.colcon_core.shell:Creating prefix script '/home/ubuntu/telenex_ws/install/local_setup.bash'
[7.126s] INFO:colcon.colcon_core.shell:Creating prefix chain script '/home/ubuntu/telenex_ws/install/setup.bash'
[7.130s] INFO:colcon.colcon_core.shell:Creating prefix script '/home/ubuntu/telenex_ws/install/local_setup.zsh'
[7.132s] INFO:colcon.colcon_core.shell:Creating prefix chain script '/home/ubuntu/telenex_ws/install/setup.zsh'
