[0.087s] Invoking command in '/home/ubuntu/telenex_ws/build/amr_100_firmware': CMAKE_PREFIX_PATH=/opt/ros/humble /usr/bin/cmake /home/ubuntu/telenex_ws/src/amr_100_firmware -DCMAKE_INSTALL_PREFIX=/home/ubuntu/telenex_ws/install/amr_100_firmware
[1.090s] -- The C compiler identification is GNU 11.4.0
[1.719s] -- The CXX compiler identification is GNU 11.4.0
[1.751s] -- Detecting C compiler ABI info
[1.951s] -- Detecting C compiler ABI info - done
[1.958s] -- Check for working C compiler: /usr/bin/cc - skipped
[1.958s] -- Detecting C compile features
[1.971s] -- Detecting C compile features - done
[1.986s] -- Detecting CXX compiler ABI info
[2.173s] -- Detecting CXX compiler ABI info - done
[2.181s] -- Check for working CXX compiler: /usr/bin/c++ - skipped
[2.181s] -- Detecting CXX compile features
[2.182s] -- Detecting CXX compile features - done
[2.226s] -- Found ament_cmake: 1.3.11 (/opt/ros/humble/share/ament_cmake/cmake)
[2.486s] -- Found Python3: /usr/bin/python3 (found version "3.10.12") found components: Interpreter 
[2.735s] -- Found ament_lint_auto: 0.12.11 (/opt/ros/humble/share/ament_lint_auto/cmake)
[3.048s] -- Added test 'lint_cmake' to check CMake code style
[3.054s] -- Added test 'xmllint' to check XML markup files
[3.059s] -- Configuring done
[3.064s] -- Generating done
[3.067s] -- Build files have been written to: /home/ubuntu/telenex_ws/build/amr_100_firmware
[3.073s] Invoked command in '/home/ubuntu/telenex_ws/build/amr_100_firmware' returned '0': CMAKE_PREFIX_PATH=/opt/ros/humble /usr/bin/cmake /home/ubuntu/telenex_ws/src/amr_100_firmware -DCMAKE_INSTALL_PREFIX=/home/ubuntu/telenex_ws/install/amr_100_firmware
[3.075s] Invoking command in '/home/ubuntu/telenex_ws/build/amr_100_firmware': CMAKE_PREFIX_PATH=/opt/ros/humble /usr/bin/cmake --build /home/ubuntu/telenex_ws/build/amr_100_firmware -- -j12 -l12
[3.105s] Invoked command in '/home/ubuntu/telenex_ws/build/amr_100_firmware' returned '0': CMAKE_PREFIX_PATH=/opt/ros/humble /usr/bin/cmake --build /home/ubuntu/telenex_ws/build/amr_100_firmware -- -j12 -l12
[3.112s] Invoking command in '/home/ubuntu/telenex_ws/build/amr_100_firmware': CMAKE_PREFIX_PATH=/opt/ros/humble /usr/bin/cmake --install /home/ubuntu/telenex_ws/build/amr_100_firmware
[3.117s] -- Install configuration: ""
[3.118s] -- Installing: /home/ubuntu/telenex_ws/install/amr_100_firmware/share/ament_index/resource_index/package_run_dependencies/amr_100_firmware
[3.118s] -- Installing: /home/ubuntu/telenex_ws/install/amr_100_firmware/share/ament_index/resource_index/parent_prefix_path/amr_100_firmware
[3.118s] -- Installing: /home/ubuntu/telenex_ws/install/amr_100_firmware/share/amr_100_firmware/environment/ament_prefix_path.sh
[3.118s] -- Installing: /home/ubuntu/telenex_ws/install/amr_100_firmware/share/amr_100_firmware/environment/ament_prefix_path.dsv
[3.118s] -- Installing: /home/ubuntu/telenex_ws/install/amr_100_firmware/share/amr_100_firmware/environment/path.sh
[3.118s] -- Installing: /home/ubuntu/telenex_ws/install/amr_100_firmware/share/amr_100_firmware/environment/path.dsv
[3.119s] -- Installing: /home/ubuntu/telenex_ws/install/amr_100_firmware/share/amr_100_firmware/local_setup.bash
[3.119s] -- Installing: /home/ubuntu/telenex_ws/install/amr_100_firmware/share/amr_100_firmware/local_setup.sh
[3.119s] -- Installing: /home/ubuntu/telenex_ws/install/amr_100_firmware/share/amr_100_firmware/local_setup.zsh
[3.119s] -- Installing: /home/ubuntu/telenex_ws/install/amr_100_firmware/share/amr_100_firmware/local_setup.dsv
[3.119s] -- Installing: /home/ubuntu/telenex_ws/install/amr_100_firmware/share/amr_100_firmware/package.dsv
[3.119s] -- Installing: /home/ubuntu/telenex_ws/install/amr_100_firmware/share/ament_index/resource_index/packages/amr_100_firmware
[3.119s] -- Installing: /home/ubuntu/telenex_ws/install/amr_100_firmware/share/amr_100_firmware/cmake/amr_100_firmwareConfig.cmake
[3.119s] -- Installing: /home/ubuntu/telenex_ws/install/amr_100_firmware/share/amr_100_firmware/cmake/amr_100_firmwareConfig-version.cmake
[3.119s] -- Installing: /home/ubuntu/telenex_ws/install/amr_100_firmware/share/amr_100_firmware/package.xml
[3.121s] Invoked command in '/home/ubuntu/telenex_ws/build/amr_100_firmware' returned '0': CMAKE_PREFIX_PATH=/opt/ros/humble /usr/bin/cmake --install /home/ubuntu/telenex_ws/build/amr_100_firmware
