Built target ament_cmake_python_copy_amr_100_firmware
running egg_info
writing amr_100_firmware.egg-info/PKG-INFO
writing dependency_links to amr_100_firmware.egg-info/dependency_links.txt
writing top-level names to amr_100_firmware.egg-info/top_level.txt
reading manifest file 'amr_100_firmware.egg-info/SOURCES.txt'
writing manifest file 'amr_100_firmware.egg-info/SOURCES.txt'
Built target ament_cmake_python_build_amr_100_firmware_egg
-- Install configuration: ""
-- Up-to-date: /home/ubuntu/telenex_ws/install/amr_100_firmware/share/amr_100_firmware/environment/pythonpath.sh
-- Up-to-date: /home/ubuntu/telenex_ws/install/amr_100_firmware/share/amr_100_firmware/environment/pythonpath.dsv
-- Up-to-date: /home/ubuntu/telenex_ws/install/amr_100_firmware/local/lib/python3.10/dist-packages/amr_100_firmware-0.0.0-py3.10.egg-info
-- Installing: /home/ubuntu/telenex_ws/install/amr_100_firmware/local/lib/python3.10/dist-packages/amr_100_firmware-0.0.0-py3.10.egg-info/dependency_links.txt
-- Installing: /home/ubuntu/telenex_ws/install/amr_100_firmware/local/lib/python3.10/dist-packages/amr_100_firmware-0.0.0-py3.10.egg-info/PKG-INFO
-- Installing: /home/ubuntu/telenex_ws/install/amr_100_firmware/local/lib/python3.10/dist-packages/amr_100_firmware-0.0.0-py3.10.egg-info/SOURCES.txt
-- Installing: /home/ubuntu/telenex_ws/install/amr_100_firmware/local/lib/python3.10/dist-packages/amr_100_firmware-0.0.0-py3.10.egg-info/top_level.txt
-- Up-to-date: /home/ubuntu/telenex_ws/install/amr_100_firmware/local/lib/python3.10/dist-packages/amr_100_firmware
-- Installing: /home/ubuntu/telenex_ws/install/amr_100_firmware/local/lib/python3.10/dist-packages/amr_100_firmware/serial_receiver.py
-- Up-to-date: /home/ubuntu/telenex_ws/install/amr_100_firmware/local/lib/python3.10/dist-packages/amr_100_firmware/serial_transmitter.py
-- Up-to-date: /home/ubuntu/telenex_ws/install/amr_100_firmware/local/lib/python3.10/dist-packages/amr_100_firmware/__init__.py
Listing '/home/ubuntu/telenex_ws/install/amr_100_firmware/local/lib/python3.10/dist-packages/amr_100_firmware'...
Compiling '/home/ubuntu/telenex_ws/install/amr_100_firmware/local/lib/python3.10/dist-packages/amr_100_firmware/serial_receiver.py'...
-- Up-to-date: /home/ubuntu/telenex_ws/install/amr_100_firmware/lib/amr_100_firmware/serial_transmitter.py
-- Installing: /home/ubuntu/telenex_ws/install/amr_100_firmware/lib/amr_100_firmware/serial_receiver.py
-- Up-to-date: /home/ubuntu/telenex_ws/install/amr_100_firmware/share/ament_index/resource_index/package_run_dependencies/amr_100_firmware
-- Up-to-date: /home/ubuntu/telenex_ws/install/amr_100_firmware/share/ament_index/resource_index/parent_prefix_path/amr_100_firmware
-- Up-to-date: /home/ubuntu/telenex_ws/install/amr_100_firmware/share/amr_100_firmware/environment/ament_prefix_path.sh
-- Up-to-date: /home/ubuntu/telenex_ws/install/amr_100_firmware/share/amr_100_firmware/environment/ament_prefix_path.dsv
-- Up-to-date: /home/ubuntu/telenex_ws/install/amr_100_firmware/share/amr_100_firmware/environment/path.sh
-- Up-to-date: /home/ubuntu/telenex_ws/install/amr_100_firmware/share/amr_100_firmware/environment/path.dsv
-- Up-to-date: /home/ubuntu/telenex_ws/install/amr_100_firmware/share/amr_100_firmware/local_setup.bash
-- Up-to-date: /home/ubuntu/telenex_ws/install/amr_100_firmware/share/amr_100_firmware/local_setup.sh
-- Up-to-date: /home/ubuntu/telenex_ws/install/amr_100_firmware/share/amr_100_firmware/local_setup.zsh
-- Up-to-date: /home/ubuntu/telenex_ws/install/amr_100_firmware/share/amr_100_firmware/local_setup.dsv
-- Up-to-date: /home/ubuntu/telenex_ws/install/amr_100_firmware/share/amr_100_firmware/package.dsv
-- Up-to-date: /home/ubuntu/telenex_ws/install/amr_100_firmware/share/ament_index/resource_index/packages/amr_100_firmware
-- Up-to-date: /home/ubuntu/telenex_ws/install/amr_100_firmware/share/amr_100_firmware/cmake/amr_100_firmwareConfig.cmake
-- Up-to-date: /home/ubuntu/telenex_ws/install/amr_100_firmware/share/amr_100_firmware/cmake/amr_100_firmwareConfig-version.cmake
-- Up-to-date: /home/ubuntu/telenex_ws/install/amr_100_firmware/share/amr_100_firmware/package.xml
