[0.009s] Invoking command in '/home/ubuntu/telenex_ws/build/amr_100_firmware': CMAKE_PREFIX_PATH=${CMAKE_PREFIX_PATH}:/opt/ros/humble /usr/bin/cmake --build /home/ubuntu/telenex_ws/build/amr_100_firmware -- -j12 -l12
[0.051s] Built target ament_cmake_python_copy_amr_100_firmware
[0.256s] running egg_info
[0.257s] writing amr_100_firmware.egg-info/PKG-INFO
[0.257s] writing dependency_links to amr_100_firmware.egg-info/dependency_links.txt
[0.257s] writing top-level names to amr_100_firmware.egg-info/top_level.txt
[0.259s] reading manifest file 'amr_100_firmware.egg-info/SOURCES.txt'
[0.260s] writing manifest file 'amr_100_firmware.egg-info/SOURCES.txt'
[0.278s] Built target ament_cmake_python_build_amr_100_firmware_egg
[0.287s] Invoked command in '/home/ubuntu/telenex_ws/build/amr_100_firmware' returned '0': CMAKE_PREFIX_PATH=${CMAKE_PREFIX_PATH}:/opt/ros/humble /usr/bin/cmake --build /home/ubuntu/telenex_ws/build/amr_100_firmware -- -j12 -l12
[0.294s] Invoking command in '/home/ubuntu/telenex_ws/build/amr_100_firmware': CMAKE_PREFIX_PATH=${CMAKE_PREFIX_PATH}:/opt/ros/humble /usr/bin/cmake --install /home/ubuntu/telenex_ws/build/amr_100_firmware
[0.300s] -- Install configuration: ""
[0.300s] -- Up-to-date: /home/ubuntu/telenex_ws/install/amr_100_firmware/share/amr_100_firmware/environment/pythonpath.sh
[0.300s] -- Up-to-date: /home/ubuntu/telenex_ws/install/amr_100_firmware/share/amr_100_firmware/environment/pythonpath.dsv
[0.300s] -- Up-to-date: /home/ubuntu/telenex_ws/install/amr_100_firmware/local/lib/python3.10/dist-packages/amr_100_firmware-0.0.0-py3.10.egg-info
[0.300s] -- Installing: /home/ubuntu/telenex_ws/install/amr_100_firmware/local/lib/python3.10/dist-packages/amr_100_firmware-0.0.0-py3.10.egg-info/dependency_links.txt
[0.300s] -- Installing: /home/ubuntu/telenex_ws/install/amr_100_firmware/local/lib/python3.10/dist-packages/amr_100_firmware-0.0.0-py3.10.egg-info/PKG-INFO
[0.301s] -- Installing: /home/ubuntu/telenex_ws/install/amr_100_firmware/local/lib/python3.10/dist-packages/amr_100_firmware-0.0.0-py3.10.egg-info/SOURCES.txt
[0.301s] -- Installing: /home/ubuntu/telenex_ws/install/amr_100_firmware/local/lib/python3.10/dist-packages/amr_100_firmware-0.0.0-py3.10.egg-info/top_level.txt
[0.301s] -- Up-to-date: /home/ubuntu/telenex_ws/install/amr_100_firmware/local/lib/python3.10/dist-packages/amr_100_firmware
[0.301s] -- Installing: /home/ubuntu/telenex_ws/install/amr_100_firmware/local/lib/python3.10/dist-packages/amr_100_firmware/serial_receiver.py
[0.301s] -- Up-to-date: /home/ubuntu/telenex_ws/install/amr_100_firmware/local/lib/python3.10/dist-packages/amr_100_firmware/serial_transmitter.py
[0.301s] -- Up-to-date: /home/ubuntu/telenex_ws/install/amr_100_firmware/local/lib/python3.10/dist-packages/amr_100_firmware/__init__.py
[0.327s] Listing '/home/ubuntu/telenex_ws/install/amr_100_firmware/local/lib/python3.10/dist-packages/amr_100_firmware'...
[0.327s] Compiling '/home/ubuntu/telenex_ws/install/amr_100_firmware/local/lib/python3.10/dist-packages/amr_100_firmware/serial_receiver.py'...
[0.331s] -- Up-to-date: /home/ubuntu/telenex_ws/install/amr_100_firmware/lib/amr_100_firmware/serial_transmitter.py
[0.331s] -- Installing: /home/ubuntu/telenex_ws/install/amr_100_firmware/lib/amr_100_firmware/serial_receiver.py
[0.331s] -- Up-to-date: /home/ubuntu/telenex_ws/install/amr_100_firmware/share/ament_index/resource_index/package_run_dependencies/amr_100_firmware
[0.331s] -- Up-to-date: /home/ubuntu/telenex_ws/install/amr_100_firmware/share/ament_index/resource_index/parent_prefix_path/amr_100_firmware
[0.331s] -- Up-to-date: /home/ubuntu/telenex_ws/install/amr_100_firmware/share/amr_100_firmware/environment/ament_prefix_path.sh
[0.331s] -- Up-to-date: /home/ubuntu/telenex_ws/install/amr_100_firmware/share/amr_100_firmware/environment/ament_prefix_path.dsv
[0.331s] -- Up-to-date: /home/ubuntu/telenex_ws/install/amr_100_firmware/share/amr_100_firmware/environment/path.sh
[0.331s] -- Up-to-date: /home/ubuntu/telenex_ws/install/amr_100_firmware/share/amr_100_firmware/environment/path.dsv
[0.331s] -- Up-to-date: /home/ubuntu/telenex_ws/install/amr_100_firmware/share/amr_100_firmware/local_setup.bash
[0.331s] -- Up-to-date: /home/ubuntu/telenex_ws/install/amr_100_firmware/share/amr_100_firmware/local_setup.sh
[0.331s] -- Up-to-date: /home/ubuntu/telenex_ws/install/amr_100_firmware/share/amr_100_firmware/local_setup.zsh
[0.331s] -- Up-to-date: /home/ubuntu/telenex_ws/install/amr_100_firmware/share/amr_100_firmware/local_setup.dsv
[0.331s] -- Up-to-date: /home/ubuntu/telenex_ws/install/amr_100_firmware/share/amr_100_firmware/package.dsv
[0.331s] -- Up-to-date: /home/ubuntu/telenex_ws/install/amr_100_firmware/share/ament_index/resource_index/packages/amr_100_firmware
[0.332s] -- Up-to-date: /home/ubuntu/telenex_ws/install/amr_100_firmware/share/amr_100_firmware/cmake/amr_100_firmwareConfig.cmake
[0.332s] -- Up-to-date: /home/ubuntu/telenex_ws/install/amr_100_firmware/share/amr_100_firmware/cmake/amr_100_firmwareConfig-version.cmake
[0.332s] -- Up-to-date: /home/ubuntu/telenex_ws/install/amr_100_firmware/share/amr_100_firmware/package.xml
[0.333s] Invoked command in '/home/ubuntu/telenex_ws/build/amr_100_firmware' returned '0': CMAKE_PREFIX_PATH=${CMAKE_PREFIX_PATH}:/opt/ros/humble /usr/bin/cmake --install /home/ubuntu/telenex_ws/build/amr_100_firmware
