[0.008s] Invoking command in '/home/ubuntu/telenex_ws/build/amr_100_firmware': CMAKE_PREFIX_PATH=${CMAKE_PREFIX_PATH}:/opt/ros/humble /usr/bin/cmake --build /home/ubuntu/telenex_ws/build/amr_100_firmware -- -j12 -l12
[0.026s] -- Found ament_cmake: 1.3.11 (/opt/ros/humble/share/ament_cmake/cmake)
[0.122s] -- Found rclpy: 3.3.15 (/opt/ros/humble/share/rclpy/cmake)
[0.171s] -- Found ament_lint_auto: 0.12.11 (/opt/ros/humble/share/ament_lint_auto/cmake)
[0.224s] -- Added test 'flake8' to check Python code syntax and style conventions
[0.225s] -- Added test 'lint_cmake' to check CMake code style
[0.225s] -- Added test 'pep257' to check Python code against some of the docstring style conventions in PEP 257
[0.226s] -- Added test 'xmllint' to check XML markup files
[0.227s] -- Configuring done
[0.230s] -- Generating done
[0.232s] -- Build files have been written to: /home/ubuntu/telenex_ws/build/amr_100_firmware
[0.262s] Built target ament_cmake_python_copy_amr_100_firmware
[0.472s] running egg_info
[0.473s] writing amr_100_firmware.egg-info/PKG-INFO
[0.473s] writing dependency_links to amr_100_firmware.egg-info/dependency_links.txt
[0.473s] writing top-level names to amr_100_firmware.egg-info/top_level.txt
[0.474s] reading manifest file 'amr_100_firmware.egg-info/SOURCES.txt'
[0.475s] writing manifest file 'amr_100_firmware.egg-info/SOURCES.txt'
[0.493s] Built target ament_cmake_python_build_amr_100_firmware_egg
[0.501s] Invoked command in '/home/ubuntu/telenex_ws/build/amr_100_firmware' returned '0': CMAKE_PREFIX_PATH=${CMAKE_PREFIX_PATH}:/opt/ros/humble /usr/bin/cmake --build /home/ubuntu/telenex_ws/build/amr_100_firmware -- -j12 -l12
[0.509s] Invoking command in '/home/ubuntu/telenex_ws/build/amr_100_firmware': CMAKE_PREFIX_PATH=${CMAKE_PREFIX_PATH}:/opt/ros/humble /usr/bin/cmake --install /home/ubuntu/telenex_ws/build/amr_100_firmware
[0.514s] -- Install configuration: ""
[0.514s] -- Up-to-date: /home/ubuntu/telenex_ws/install/amr_100_firmware/share/amr_100_firmware/environment/pythonpath.sh
[0.514s] -- Installing: /home/ubuntu/telenex_ws/install/amr_100_firmware/share/amr_100_firmware/environment/pythonpath.dsv
[0.514s] -- Up-to-date: /home/ubuntu/telenex_ws/install/amr_100_firmware/local/lib/python3.10/dist-packages/amr_100_firmware-0.0.0-py3.10.egg-info
[0.515s] -- Installing: /home/ubuntu/telenex_ws/install/amr_100_firmware/local/lib/python3.10/dist-packages/amr_100_firmware-0.0.0-py3.10.egg-info/dependency_links.txt
[0.515s] -- Installing: /home/ubuntu/telenex_ws/install/amr_100_firmware/local/lib/python3.10/dist-packages/amr_100_firmware-0.0.0-py3.10.egg-info/PKG-INFO
[0.515s] -- Installing: /home/ubuntu/telenex_ws/install/amr_100_firmware/local/lib/python3.10/dist-packages/amr_100_firmware-0.0.0-py3.10.egg-info/SOURCES.txt
[0.515s] -- Installing: /home/ubuntu/telenex_ws/install/amr_100_firmware/local/lib/python3.10/dist-packages/amr_100_firmware-0.0.0-py3.10.egg-info/top_level.txt
[0.515s] -- Up-to-date: /home/ubuntu/telenex_ws/install/amr_100_firmware/local/lib/python3.10/dist-packages/amr_100_firmware
[0.515s] -- Up-to-date: /home/ubuntu/telenex_ws/install/amr_100_firmware/local/lib/python3.10/dist-packages/amr_100_firmware/serial_transmitter.py
[0.515s] -- Up-to-date: /home/ubuntu/telenex_ws/install/amr_100_firmware/local/lib/python3.10/dist-packages/amr_100_firmware/__init__.py
[0.539s] Listing '/home/ubuntu/telenex_ws/install/amr_100_firmware/local/lib/python3.10/dist-packages/amr_100_firmware'...
[0.542s] -- Installing: /home/ubuntu/telenex_ws/install/amr_100_firmware/lib/amr_100_firmware/serial_transmitter.py
[0.542s] -- Up-to-date: /home/ubuntu/telenex_ws/install/amr_100_firmware/share/ament_index/resource_index/package_run_dependencies/amr_100_firmware
[0.542s] -- Up-to-date: /home/ubuntu/telenex_ws/install/amr_100_firmware/share/ament_index/resource_index/parent_prefix_path/amr_100_firmware
[0.542s] -- Up-to-date: /home/ubuntu/telenex_ws/install/amr_100_firmware/share/amr_100_firmware/environment/ament_prefix_path.sh
[0.542s] -- Installing: /home/ubuntu/telenex_ws/install/amr_100_firmware/share/amr_100_firmware/environment/ament_prefix_path.dsv
[0.542s] -- Up-to-date: /home/ubuntu/telenex_ws/install/amr_100_firmware/share/amr_100_firmware/environment/path.sh
[0.543s] -- Installing: /home/ubuntu/telenex_ws/install/amr_100_firmware/share/amr_100_firmware/environment/path.dsv
[0.543s] -- Up-to-date: /home/ubuntu/telenex_ws/install/amr_100_firmware/share/amr_100_firmware/local_setup.bash
[0.543s] -- Up-to-date: /home/ubuntu/telenex_ws/install/amr_100_firmware/share/amr_100_firmware/local_setup.sh
[0.543s] -- Up-to-date: /home/ubuntu/telenex_ws/install/amr_100_firmware/share/amr_100_firmware/local_setup.zsh
[0.543s] -- Installing: /home/ubuntu/telenex_ws/install/amr_100_firmware/share/amr_100_firmware/local_setup.dsv
[0.543s] -- Installing: /home/ubuntu/telenex_ws/install/amr_100_firmware/share/amr_100_firmware/package.dsv
[0.543s] -- Up-to-date: /home/ubuntu/telenex_ws/install/amr_100_firmware/share/ament_index/resource_index/packages/amr_100_firmware
[0.543s] -- Up-to-date: /home/ubuntu/telenex_ws/install/amr_100_firmware/share/amr_100_firmware/cmake/amr_100_firmwareConfig.cmake
[0.543s] -- Up-to-date: /home/ubuntu/telenex_ws/install/amr_100_firmware/share/amr_100_firmware/cmake/amr_100_firmwareConfig-version.cmake
[0.543s] -- Up-to-date: /home/ubuntu/telenex_ws/install/amr_100_firmware/share/amr_100_firmware/package.xml
[0.545s] Invoked command in '/home/ubuntu/telenex_ws/build/amr_100_firmware' returned '0': CMAKE_PREFIX_PATH=${CMAKE_PREFIX_PATH}:/opt/ros/humble /usr/bin/cmake --install /home/ubuntu/telenex_ws/build/amr_100_firmware
