[0.008s] Invoking command in '/home/ubuntu/telenex_ws/build/amr_100_firmware': CMAKE_PREFIX_PATH=${CMAKE_PREFIX_PATH}:/opt/ros/humble /usr/bin/cmake --build /home/ubuntu/telenex_ws/build/amr_100_firmware -- -j12 -l12
[0.026s] -- Found ament_cmake: 1.3.11 (/opt/ros/humble/share/ament_cmake/cmake)
[0.144s] -- Found rclpy: 3.3.15 (/opt/ros/humble/share/rclpy/cmake)
[0.259s] -- Found ament_lint_auto: 0.12.11 (/opt/ros/humble/share/ament_lint_auto/cmake)
[0.313s] -- Added test 'flake8' to check Python code syntax and style conventions
[0.314s] -- Added test 'lint_cmake' to check CMake code style
[0.314s] -- Added test 'pep257' to check Python code against some of the docstring style conventions in PEP 257
[0.315s] -- Added test 'xmllint' to check XML markup files
[0.315s] -- Configuring done
[0.318s] -- Generating done
[0.320s] -- Build files have been written to: /home/ubuntu/telenex_ws/build/amr_100_firmware
[0.352s] Built target ament_cmake_python_copy_amr_100_firmware
[0.553s] running egg_info
[0.554s] creating amr_100_firmware.egg-info
[0.554s] writing amr_100_firmware.egg-info/PKG-INFO
[0.554s] writing dependency_links to amr_100_firmware.egg-info/dependency_links.txt
[0.554s] writing top-level names to amr_100_firmware.egg-info/top_level.txt
[0.555s] writing manifest file 'amr_100_firmware.egg-info/SOURCES.txt'
[0.556s] reading manifest file 'amr_100_firmware.egg-info/SOURCES.txt'
[0.557s] writing manifest file 'amr_100_firmware.egg-info/SOURCES.txt'
[0.575s] Built target ament_cmake_python_build_amr_100_firmware_egg
[0.584s] Invoked command in '/home/ubuntu/telenex_ws/build/amr_100_firmware' returned '0': CMAKE_PREFIX_PATH=${CMAKE_PREFIX_PATH}:/opt/ros/humble /usr/bin/cmake --build /home/ubuntu/telenex_ws/build/amr_100_firmware -- -j12 -l12
[0.592s] Invoking command in '/home/ubuntu/telenex_ws/build/amr_100_firmware': CMAKE_PREFIX_PATH=${CMAKE_PREFIX_PATH}:/opt/ros/humble /usr/bin/cmake --install /home/ubuntu/telenex_ws/build/amr_100_firmware
[0.597s] -- Install configuration: ""
[0.597s] -- Installing: /home/ubuntu/telenex_ws/install/amr_100_firmware/share/amr_100_firmware/environment/pythonpath.sh
[0.597s] -- Installing: /home/ubuntu/telenex_ws/install/amr_100_firmware/share/amr_100_firmware/environment/pythonpath.dsv
[0.597s] -- Installing: /home/ubuntu/telenex_ws/install/amr_100_firmware/local/lib/python3.10/dist-packages/amr_100_firmware-0.0.0-py3.10.egg-info
[0.597s] -- Installing: /home/ubuntu/telenex_ws/install/amr_100_firmware/local/lib/python3.10/dist-packages/amr_100_firmware-0.0.0-py3.10.egg-info/dependency_links.txt
[0.598s] -- Installing: /home/ubuntu/telenex_ws/install/amr_100_firmware/local/lib/python3.10/dist-packages/amr_100_firmware-0.0.0-py3.10.egg-info/PKG-INFO
[0.598s] -- Installing: /home/ubuntu/telenex_ws/install/amr_100_firmware/local/lib/python3.10/dist-packages/amr_100_firmware-0.0.0-py3.10.egg-info/SOURCES.txt
[0.598s] -- Installing: /home/ubuntu/telenex_ws/install/amr_100_firmware/local/lib/python3.10/dist-packages/amr_100_firmware-0.0.0-py3.10.egg-info/top_level.txt
[0.598s] -- Installing: /home/ubuntu/telenex_ws/install/amr_100_firmware/local/lib/python3.10/dist-packages/amr_100_firmware
[0.598s] -- Installing: /home/ubuntu/telenex_ws/install/amr_100_firmware/local/lib/python3.10/dist-packages/amr_100_firmware/serial_transmitter.py
[0.598s] -- Installing: /home/ubuntu/telenex_ws/install/amr_100_firmware/local/lib/python3.10/dist-packages/amr_100_firmware/__init__.py
[0.623s] Listing '/home/ubuntu/telenex_ws/install/amr_100_firmware/local/lib/python3.10/dist-packages/amr_100_firmware'...
[0.623s] Compiling '/home/ubuntu/telenex_ws/install/amr_100_firmware/local/lib/python3.10/dist-packages/amr_100_firmware/__init__.py'...
[0.623s] Compiling '/home/ubuntu/telenex_ws/install/amr_100_firmware/local/lib/python3.10/dist-packages/amr_100_firmware/serial_transmitter.py'...
[0.626s] -- Installing: /home/ubuntu/telenex_ws/install/amr_100_firmware/Lib/amr_100_firmware/serial_transmitter.py
[0.626s] -- Installing: /home/ubuntu/telenex_ws/install/amr_100_firmware/share/ament_index/resource_index/package_run_dependencies/amr_100_firmware
[0.627s] -- Installing: /home/ubuntu/telenex_ws/install/amr_100_firmware/share/ament_index/resource_index/parent_prefix_path/amr_100_firmware
[0.627s] -- Up-to-date: /home/ubuntu/telenex_ws/install/amr_100_firmware/share/amr_100_firmware/environment/ament_prefix_path.sh
[0.627s] -- Installing: /home/ubuntu/telenex_ws/install/amr_100_firmware/share/amr_100_firmware/environment/ament_prefix_path.dsv
[0.627s] -- Up-to-date: /home/ubuntu/telenex_ws/install/amr_100_firmware/share/amr_100_firmware/environment/path.sh
[0.627s] -- Installing: /home/ubuntu/telenex_ws/install/amr_100_firmware/share/amr_100_firmware/environment/path.dsv
[0.627s] -- Up-to-date: /home/ubuntu/telenex_ws/install/amr_100_firmware/share/amr_100_firmware/local_setup.bash
[0.627s] -- Installing: /home/ubuntu/telenex_ws/install/amr_100_firmware/share/amr_100_firmware/local_setup.sh
[0.627s] -- Up-to-date: /home/ubuntu/telenex_ws/install/amr_100_firmware/share/amr_100_firmware/local_setup.zsh
[0.627s] -- Installing: /home/ubuntu/telenex_ws/install/amr_100_firmware/share/amr_100_firmware/local_setup.dsv
[0.627s] -- Installing: /home/ubuntu/telenex_ws/install/amr_100_firmware/share/amr_100_firmware/package.dsv
[0.628s] -- Up-to-date: /home/ubuntu/telenex_ws/install/amr_100_firmware/share/ament_index/resource_index/packages/amr_100_firmware
[0.628s] -- Up-to-date: /home/ubuntu/telenex_ws/install/amr_100_firmware/share/amr_100_firmware/cmake/amr_100_firmwareConfig.cmake
[0.628s] -- Up-to-date: /home/ubuntu/telenex_ws/install/amr_100_firmware/share/amr_100_firmware/cmake/amr_100_firmwareConfig-version.cmake
[0.628s] -- Installing: /home/ubuntu/telenex_ws/install/amr_100_firmware/share/amr_100_firmware/package.xml
[0.630s] Invoked command in '/home/ubuntu/telenex_ws/build/amr_100_firmware' returned '0': CMAKE_PREFIX_PATH=${CMAKE_PREFIX_PATH}:/opt/ros/humble /usr/bin/cmake --install /home/ubuntu/telenex_ws/build/amr_100_firmware
